#-----------------------------------------------------------
# PlanAhead v14.7 (64-bit)
# Build 321239 by xbuild on Fri Sep 27 19:24:36 MDT 2013
# Start of session at: Fri Nov 22 03:46:33 2019
# Process ID: 14306
# Log file: /home/ise/x/lcd/planAhead_run_2/planAhead.log
# Journal file: /home/ise/x/lcd/planAhead_run_2/planAhead.jou
#-----------------------------------------------------------
INFO: [Common 17-78] Attempting to get a license: PlanAhead
INFO: [Common 17-290] Got license for PlanAhead
INFO: [Common 17-86] Your PlanAhead license expires in -936 day(s)
INFO: [Device 21-36] Loading parts and site information from /opt/Xilinx/14.7/ISE_DS/PlanAhead/data/parts/arch.xml
Parsing RTL primitives file [/opt/Xilinx/14.7/ISE_DS/PlanAhead/data/parts/xilinx/rtl/prims/rtl_prims.xml]
Finished parsing RTL primitives file [/opt/Xilinx/14.7/ISE_DS/PlanAhead/data/parts/xilinx/rtl/prims/rtl_prims.xml]
start_gui
source /home/ise/x/lcd/pa.fromNetlist.tcl
# create_project -name PmodCLS -dir "/home/ise/x/lcd/planAhead_run_2" -part xc6slx45csg324-3
create_project: Time (s): cpu = 00:00:06 ; elapsed = 00:00:07 . Memory (MB): peak = 2638.430 ; gain = 31.051
# set_property design_mode GateLvl [get_property srcset [current_run -impl]]
# set_property edif_top_file "/home/ise/x/lcd/PmodCLS_Demo.ngc" [ get_property srcset [ current_run ] ]
# add_files -norecurse { {/home/ise/x/lcd} }
# set_property target_constrs_file "Nexys3_Master.ucf" [current_fileset -constrset]
Adding file '/home/ise/x/lcd/Nexys3_Master.ucf' to fileset 'constrs_1'
# add_files [list {Nexys3_Master.ucf}] -fileset [get_property constrset [current_run]]
# link_design
Design is defaulting to srcset: sources_1
Design is defaulting to constrset: constrs_1
Design is defaulting to project part: xc6slx45csg324-3
Release 14.7 - ngc2edif P.20160913 (lin64)
Copyright (c) 1995-2013 Xilinx, Inc.  All rights reserved.

Release 14.7 - ngc2edif P.20160913 (lin64)
Copyright (c) 1995-2013 Xilinx, Inc.  All rights reserved.
Reading design PmodCLS_Demo.ngc ...
WARNING:NetListWriters:298 - No output is written to PmodCLS_Demo.xncf, ignored.
Processing design ...
   Preping design's networks ...
   Preping design's macros ...
WARNING:NetListWriters:306 - Signal bus C1/spi_clk_count<10 : 0> on block
   PmodCLS_Demo is not reconstructed, because there are some missing bus
   signals.
  finished :Prep
Writing EDIF netlist file PmodCLS_Demo.edif ...
ngc2edif: Total memory usage is 104436 kilobytes

Parsing EDIF File [./planAhead_run_2/PmodCLS.data/cache/PmodCLS_Demo_ngc_4a0d4b24.edif]
Finished Parsing EDIF File [./planAhead_run_2/PmodCLS.data/cache/PmodCLS_Demo_ngc_4a0d4b24.edif]
INFO: [Netlist 29-17] Analyzing 1 Unisim elements for replacement
INFO: [Netlist 29-28] Unisim Transformation completed in 0 CPU seconds
Loading clock regions from /opt/Xilinx/14.7/ISE_DS/PlanAhead/data/parts/xilinx/spartan6/spartan6lx/xc6slx45/ClockRegion.xml
Loading clock buffers from /opt/Xilinx/14.7/ISE_DS/PlanAhead/data/parts/xilinx/spartan6/spartan6lx/xc6slx45/ClockBuffers.xml
Loading package pin functions from /opt/Xilinx/14.7/ISE_DS/PlanAhead/data/parts/xilinx/spartan6/PinFunctions.xml...
Loading package from /opt/Xilinx/14.7/ISE_DS/PlanAhead/data/parts/xilinx/spartan6/spartan6lx/xc6slx45/csg324/Package.xml
Loading io standards from /opt/Xilinx/14.7/ISE_DS/PlanAhead/data/./parts/xilinx/spartan6/IOStandards.xml
Loading device configuration modes from /opt/Xilinx/14.7/ISE_DS/PlanAhead/data/parts/xilinx/spartan6/ConfigModes.xml
Loading list of drcs for the architecture : /opt/Xilinx/14.7/ISE_DS/PlanAhead/data/./parts/xilinx/spartan6/drc.xml
Parsing UCF File [/home/ise/x/lcd/Nexys3_Master.ucf]
CRITICAL WARNING: [Constraints 18-11] Could not find net or pin 'l<0>' [/home/ise/x/lcd/Nexys3_Master.ucf:11]
CRITICAL WARNING: [Constraints 18-11] Could not find net or pin 'l<1>' [/home/ise/x/lcd/Nexys3_Master.ucf:12]
CRITICAL WARNING: [Constraints 18-11] Could not find net or pin 'l<2>' [/home/ise/x/lcd/Nexys3_Master.ucf:13]
CRITICAL WARNING: [Constraints 18-11] Could not find net or pin 'l<3>' [/home/ise/x/lcd/Nexys3_Master.ucf:14]
CRITICAL WARNING: [Constraints 18-11] Could not find net or pin 'button' [/home/ise/x/lcd/Nexys3_Master.ucf:24]
Finished Parsing UCF File [/home/ise/x/lcd/Nexys3_Master.ucf]
INFO: [Designutils 20-20] Invalid constraints found, use command 'write_ucf -constraints invalid <file>' to save all the invalid constraints to a file
INFO: [Project 1-111] Unisim Transformation Summary:
  A total of 1 instances were transformed.
  BUFGP => BUFGP (IBUF, BUFG): 1 instances

Phase 0 | Netlist Checksum: ff796f27
link_design: Time (s): cpu = 00:00:32 ; elapsed = 00:00:41 . Memory (MB): peak = 2779.859 ; gain = 135.422
exit
ERROR: [#UNDEF] *** Exception: ui.h.b: Found deleted key in HTclEventBroker. Verify if the classes listed here call cleanup()
HTclEvent: SIGNAL_MODIFY   Classes: ui.views.aR 
HTclEvent: DEBUG_PORT_CONFIG_CHANGE   Classes: ui.views.aR 
HTclEvent: SIGNAL_BUS_MODIFY   Classes: ui.views.aR 
HTclEvent: DEBUG_CORE_CONFIG_CHANGE   Classes: ui.views.aR 
 (See /home/ise/x/lcd/planAhead_pid14306.debug)
ERROR: [Common 17-39] 'stop_gui' failed due to earlier errors.
INFO: [Common 17-206] Exiting PlanAhead at Fri Nov 22 03:57:14 2019...
INFO: [Common 17-83] Releasing license: PlanAhead
